2019-09-30 18:19:04 {Base} (main:) Browser launched successfully
2019-09-30 18:19:21 {SameDayBooking} (main:) User Logged in successfully
2019-09-30 18:19:38 {TripBooking} (main:) PU address selected successfully
2019-09-30 18:19:40 {TripBooking} (main:) Destination address selected successfully
2019-09-30 18:19:40 {TripBooking} (main:) 07 Hours selected
2019-09-30 18:19:43 {TripBooking} (main:) 25 min selected
2019-09-30 18:19:46 {Base} (main:) Browser Closed successfully
2019-09-30 18:28:46 {Base} (main:) Browser launched successfully
2019-09-30 18:29:04 {SameDayBooking} (main:) User Logged in successfully
2019-09-30 18:29:20 {TripBooking} (main:) PU address selected successfully
2019-09-30 18:29:22 {TripBooking} (main:) Destination address selected successfully
2019-09-30 18:29:22 {TripBooking} (main:) 07 Hours selected
2019-09-30 18:29:26 {TripBooking} (main:) 25 min selected
2019-09-30 18:29:29 {Base} (main:) Browser Closed successfully
2019-09-30 18:34:51 {Base} (main:) Browser launched successfully
2019-09-30 18:35:08 {SameDayBooking} (main:) User Logged in successfully
2019-09-30 18:35:25 {TripBooking} (main:) PU address selected successfully
2019-09-30 18:35:27 {TripBooking} (main:) Destination address selected successfully
2019-09-30 18:35:27 {TripBooking} (main:) 07 Hours selected
2019-09-30 18:35:30 {TripBooking} (main:) 25 min selected
2019-09-30 18:35:33 {Base} (main:) Browser Closed successfully
2019-09-30 18:38:17 {Base} (main:) Browser launched successfully
2019-09-30 18:38:35 {SameDayBooking} (main:) User Logged in successfully
2019-09-30 18:38:51 {TripBooking} (main:) PU address selected successfully
2019-09-30 18:38:53 {TripBooking} (main:) Destination address selected successfully
2019-09-30 18:38:53 {TripBooking} (main:) 07 Hours selected
2019-09-30 18:38:56 {TripBooking} (main:) 25 min selected
2019-09-30 18:39:00 {Base} (main:) Browser Closed successfully
2019-09-30 18:50:46 {Base} (main:) Browser launched successfully
2019-09-30 18:51:04 {SameDayBooking} (main:) User Logged in successfully
2019-09-30 18:51:20 {TripBooking} (main:) PU address selected successfully
2019-09-30 18:51:22 {TripBooking} (main:) Destination address selected successfully
2019-09-30 18:51:22 {TripBooking} (main:) 07 Hours selected
2019-09-30 18:51:25 {TripBooking} (main:) 25 min selected
2019-09-30 18:51:29 {Base} (main:) Browser Closed successfully
2019-09-30 18:53:33 {Base} (main:) Browser launched successfully
2019-09-30 18:53:51 {SameDayBooking} (main:) User Logged in successfully
2019-09-30 18:54:07 {TripBooking} (main:) PU address selected successfully
2019-09-30 18:54:09 {TripBooking} (main:) Destination address selected successfully
2019-09-30 18:54:09 {TripBooking} (main:) 07 Hours selected
2019-09-30 18:54:12 {TripBooking} (main:) 25 min selected
2019-09-30 18:54:15 {Base} (main:) Browser Closed successfully
2019-09-30 18:58:24 {Base} (main:) Browser launched successfully
2019-09-30 18:58:41 {SameDayBooking} (main:) User Logged in successfully
2019-09-30 18:58:58 {TripBooking} (main:) PU address selected successfully
2019-09-30 18:59:00 {TripBooking} (main:) Destination address selected successfully
2019-09-30 18:59:00 {TripBooking} (main:) 07 Hours selected
2019-09-30 18:59:03 {TripBooking} (main:) 25 min selected
2019-09-30 18:59:06 {Base} (main:) Browser Closed successfully
2019-09-30 19:25:07 {Base} (main:) Browser launched successfully
2019-09-30 19:25:07 {Base} (main:) Browser Closed successfully
2019-10-01 19:31:51 {Base} (main:) Browser launched successfully
2019-10-01 19:32:09 {SameDayBooking} (main:) User Logged in successfully
2019-10-01 19:32:26 {TripBooking} (main:) PU address selected successfully
2019-10-01 19:32:28 {TripBooking} (main:) Destination address selected successfully
2019-10-01 19:32:30 {TripBooking} (main:) 07 Hours selected
2019-10-01 19:32:33 {TripBooking} (main:) 25 min selected
2019-10-01 19:32:36 {Base} (main:) Browser Closed successfully
